2024-12-22 11:00:25,760 INFO  [StepDefinationFile] application is open 
2024-12-22 11:00:33,179 INFO  [StepDefinationFile] Login is completed 
2024-12-22 11:00:33,197 INFO  [StepDefinationFile] home page is displayed. 
2024-12-22 11:00:35,325 INFO  [StepDefinationFile] application is open 
2024-12-22 11:00:42,704 INFO  [StepDefinationFile] Login is completed 
2024-12-22 11:00:42,720 INFO  [StepDefinationFile] home page is displayed. 
2024-12-22 11:00:45,064 INFO  [StepDefinationFile] application is open 
2024-12-22 11:00:52,438 INFO  [StepDefinationFile] Login is completed 
2024-12-22 11:00:52,454 INFO  [StepDefinationFile] home page is displayed. 
2024-12-22 11:01:00,045 INFO  [StepDefinationFile] Vital mile is open 
2024-12-22 11:01:05,185 INFO  [StepDefinationFile] Contact Us link is clicked 
2024-12-22 11:01:22,156 INFO  [StepDefinationFile] Form subbimitted successfully. 
2024-12-22 11:01:52,758 INFO  [StepDefinationFile] Vital mile is open 
2024-12-22 11:01:57,911 INFO  [StepDefinationFile] Contact Us link is clicked 
2024-12-22 11:02:14,897 INFO  [StepDefinationFile] Form subbimitted successfully. 
2024-12-22 11:02:25,190 INFO  [StepDefinationFile] Vital mile is open 
2024-12-22 11:02:30,349 INFO  [StepDefinationFile] Contact Us link is clicked 
2024-12-22 11:02:47,240 INFO  [StepDefinationFile] Form subbimitted successfully. 
2024-12-22 11:02:55,138 INFO  [StepDefinationFile] Vital mile is open 
2024-12-22 11:03:05,968 INFO  [StepDefinationFile] resume is uploaded. 




